<?xml version="1.0" encoding="UTF-8"?>
<!-- Generated by org.testng.reporters.JUnitReportReporter -->
<testsuite hostname="DESKTOP-LA1TNP2" failures="0" tests="2" name="testNGExecution.Test1" time="0.021" errors="0" timestamp="2023-11-29T12:04:55 IST" skipped="0">
  <testcase classname="testNGExecution.Test1" name="method1" time="0.019">
    <system-out>
      <![CDATA[method1 from Test1 class]]>
    </system-out>
  </testcase> <!-- method1 -->
  <testcase classname="testNGExecution.Test1" name="method2" time="0.002">
    <system-out>
      <![CDATA[method2 from Test1 class]]>
    </system-out>
  </testcase> <!-- method2 -->
  <system-out>
    <![CDATA[method1 from Test1 class
method2 from Test1 class
method1 from Test2 class
method1 from test3
method2 from test3]]>
  </system-out>
</testsuite> <!-- testNGExecution.Test1 -->
