<?xml version="1.0" encoding="UTF-8"?>
<!-- Generated by org.testng.reporters.JUnitReportReporter -->
<testsuite hostname="DESKTOP-LA1TNP2" failures="0" tests="2" name="testNG.Sumo" time="0.023" errors="0" timestamp="2023-11-29T11:36:09 IST" skipped="0">
  <testcase classname="testNG.Sumo" name="method1" time="0.018">
    <system-out>
      <![CDATA[method1 from sumo class!]]>
    </system-out>
  </testcase> <!-- method1 -->
  <testcase classname="testNG.Sumo" name="method2" time="0.005">
    <system-out>
      <![CDATA[method2 from sumo class!]]>
    </system-out>
  </testcase> <!-- method2 -->
  <system-out>
    <![CDATA[method1 from sumo class!
method2 from sumo class!
method1 from remo class
method2 from remo class
method1 from demo class
method2 from demo class]]>
  </system-out>
</testsuite> <!-- testNG.Sumo -->
