<?xml version="1.0" encoding="UTF-8"?>
<!-- Generated by org.testng.reporters.JUnitReportReporter -->
<testsuite hostname="DESKTOP-LA1TNP2" failures="0" tests="1" name="testNGExecution.Selenium" time="24.681" errors="0" timestamp="2023-11-29T11:38:07 IST" skipped="0">
  <testcase classname="testNGExecution.Selenium" name="selenium_method" time="24.681"/>
</testsuite> <!-- testNGExecution.Selenium -->
