<?xml version="1.0" encoding="UTF-8"?>
<!-- Generated by org.testng.reporters.JUnitReportReporter -->
<testsuite hostname="DESKTOP-LA1TNP2" failures="0" tests="2" name="testNGExecution.Test2" time="0.053" errors="0" timestamp="2023-11-30T12:03:09 IST" skipped="0">
  <testcase classname="testNGExecution.Test2" name="method1" time="0.023">
    <system-out>
      <![CDATA[method1 from Test2 class]]>
    </system-out>
  </testcase> <!-- method1 -->
  <testcase classname="testNGExecution.Test2" name="method2" time="0.030">
    <system-out>
      <![CDATA[method2 from Test2 class5]]>
    </system-out>
  </testcase> <!-- method2 -->
  <system-out>
    <![CDATA[method1 from Test2 class
method1 from test3
method2 from Test1 class
method1 from Test1 class
method2 from Test2 class5
method2 from test3]]>
  </system-out>
</testsuite> <!-- testNGExecution.Test2 -->
