<?xml version="1.0" encoding="UTF-8"?>
<!-- Generated by org.testng.reporters.JUnitReportReporter -->
<testsuite hostname="DESKTOP-LA1TNP2" failures="0" tests="2" name="testNGExecution.Selenium" time="77.210" errors="0" timestamp="2023-11-30T12:21:06 IST" skipped="0">
  <testcase classname="testNGExecution.Selenium" name="selenium_method" time="25.988"/>
  <testcase classname="testNGExecution.Selenium" name="selenium_method" time="51.222"/>
</testsuite> <!-- testNGExecution.Selenium -->
