<?xml version="1.0" encoding="UTF-8"?>
<!-- Generated by org.testng.reporters.JUnitReportReporter -->
<testsuite hostname="DESKTOP-LA1TNP2" failures="0" tests="2" name="testNGExecution.JavaTest" time="26.504" errors="0" timestamp="2023-11-30T12:21:06 IST" skipped="0">
  <testcase classname="testNGExecution.JavaTest" name="java_method" time="12.598"/>
  <testcase classname="testNGExecution.JavaTest" name="java_method" time="13.906"/>
</testsuite> <!-- testNGExecution.JavaTest -->
