<?xml version="1.0" encoding="UTF-8"?>
<!-- Generated by org.testng.reporters.JUnitReportReporter -->
<testsuite hostname="DESKTOP-LA1TNP2" failures="0" tests="1" name="testNGExecution.SQLTest" time="116.446" errors="0" timestamp="2023-11-30T11:57:56 IST" skipped="0">
  <testcase classname="testNGExecution.SQLTest" name="SQL_method" time="116.446"/>
</testsuite> <!-- testNGExecution.SQLTest -->
