<?xml version="1.0" encoding="UTF-8"?>
<!-- Generated by org.testng.reporters.JUnitReportReporter -->
<testsuite hostname="DESKTOP-LA1TNP2" failures="0" tests="1" name="testNGExecution.SQLTest" time="12.699" errors="0" timestamp="2023-11-29T11:38:07 IST" skipped="0">
  <testcase classname="testNGExecution.SQLTest" name="SQL_method" time="12.699"/>
</testsuite> <!-- testNGExecution.SQLTest -->
