<?xml version="1.0" encoding="UTF-8"?>
<!-- Generated by org.testng.reporters.JUnitReportReporter -->
<testsuite hostname="DESKTOP-LA1TNP2" failures="0" tests="1" name="testNGExecution.Test2" time="0.028" errors="0" timestamp="2023-11-29T12:11:56 IST" skipped="0">
  <testcase classname="testNGExecution.Test2" name="method2" time="0.028">
    <system-out>
      <![CDATA[method2 from Test2 class5]]>
    </system-out>
  </testcase> <!-- method2 -->
  <system-out>
    <![CDATA[method2 from Test2 class5]]>
  </system-out>
</testsuite> <!-- testNGExecution.Test2 -->
