<?xml version="1.0" encoding="UTF-8"?>
<!-- Generated by org.testng.reporters.JUnitReportReporter -->
<testsuite hostname="DESKTOP-LA1TNP2" failures="0" tests="1" name="testNGExecution.SelectTest" time="10.186" errors="0" timestamp="2023-11-29T12:57:04 IST" skipped="0">
  <testcase classname="testNGExecution.SelectTest" name="selectTestMethod" time="10.186"/>
</testsuite> <!-- testNGExecution.SelectTest -->
